<?xml version="1.0" encoding="UTF-8"?>
<testsuite name="com.jito.springboot.start.domain.posts.PostsRepositoryTest" tests="0" skipped="0" failures="0" errors="0" timestamp="1970-01-01T00:00:00" hostname="DESKTOP-2MJGJBU" time="0.0">
  <properties/>
  <system-out><![CDATA[16:36:31.661 [Test worker] DEBUG org.springframework.test.context.junit4.SpringJUnit4ClassRunner - SpringJUnit4ClassRunner constructor called with [class com.jito.springboot.start.domain.posts.PostsRepositoryTest]
16:36:31.671 [Test worker] DEBUG org.springframework.test.context.BootstrapUtils - Instantiating CacheAwareContextLoaderDelegate from class [org.springframework.test.context.cache.DefaultCacheAwareContextLoaderDelegate]
16:36:31.682 [Test worker] DEBUG org.springframework.test.context.BootstrapUtils - Instantiating BootstrapContext using constructor [public org.springframework.test.context.support.DefaultBootstrapContext(java.lang.Class,org.springframework.test.context.CacheAwareContextLoaderDelegate)]
16:36:31.703 [Test worker] DEBUG org.springframework.test.context.BootstrapUtils - Instantiating TestContextBootstrapper for test class [com.jito.springboot.start.domain.posts.PostsRepositoryTest] from class [org.springframework.boot.test.context.SpringBootTestContextBootstrapper]
16:36:31.727 [Test worker] INFO org.springframework.boot.test.context.SpringBootTestContextBootstrapper - Neither @ContextConfiguration nor @ContextHierarchy found for test class [com.jito.springboot.start.domain.posts.PostsRepositoryTest], using SpringBootContextLoader
16:36:31.732 [Test worker] DEBUG org.springframework.test.context.support.AbstractContextLoader - Did not detect default resource location for test class [com.jito.springboot.start.domain.posts.PostsRepositoryTest]: class path resource [com/jito/springboot/start/domain/posts/PostsRepositoryTest-context.xml] does not exist
16:36:31.732 [Test worker] DEBUG org.springframework.test.context.support.AbstractContextLoader - Did not detect default resource location for test class [com.jito.springboot.start.domain.posts.PostsRepositoryTest]: class path resource [com/jito/springboot/start/domain/posts/PostsRepositoryTestContext.groovy] does not exist
16:36:31.732 [Test worker] INFO org.springframework.test.context.support.AbstractContextLoader - Could not detect default resource locations for test class [com.jito.springboot.start.domain.posts.PostsRepositoryTest]: no resource found for suffixes {-context.xml, Context.groovy}.
16:36:31.733 [Test worker] INFO org.springframework.test.context.support.AnnotationConfigContextLoaderUtils - Could not detect default configuration classes for test class [com.jito.springboot.start.domain.posts.PostsRepositoryTest]: PostsRepositoryTest does not declare any static, non-private, non-final, nested classes annotated with @Configuration.
16:36:31.796 [Test worker] DEBUG org.springframework.test.context.support.ActiveProfilesUtils - Could not find an 'annotation declaring class' for annotation type [org.springframework.test.context.ActiveProfiles] and class [com.jito.springboot.start.domain.posts.PostsRepositoryTest]
16:36:31.904 [Test worker] DEBUG org.springframework.context.annotation.ClassPathScanningCandidateComponentProvider - Identified candidate component class: file [C:\Users\82103\IdeaProjects\springboot2-webservice\build\classes\java\main\com\jito\springboot\start\Application.class]
16:36:31.905 [Test worker] INFO org.springframework.boot.test.context.SpringBootTestContextBootstrapper - Found @SpringBootConfiguration com.jito.springboot.start.Application for test class com.jito.springboot.start.domain.posts.PostsRepositoryTest
16:36:32.033 [Test worker] DEBUG org.springframework.boot.test.context.SpringBootTestContextBootstrapper - @TestExecutionListeners is not present for class [com.jito.springboot.start.domain.posts.PostsRepositoryTest]: using defaults.
16:36:32.034 [Test worker] INFO org.springframework.boot.test.context.SpringBootTestContextBootstrapper - Loaded default TestExecutionListener class names from location [META-INF/spring.factories]: [org.springframework.boot.test.autoconfigure.restdocs.RestDocsTestExecutionListener, org.springframework.boot.test.autoconfigure.web.client.MockRestServiceServerResetTestExecutionListener, org.springframework.boot.test.autoconfigure.web.servlet.MockMvcPrintOnlyOnFailureTestExecutionListener, org.springframework.boot.test.autoconfigure.web.servlet.WebDriverTestExecutionListener, org.springframework.boot.test.mock.mockito.MockitoTestExecutionListener, org.springframework.boot.test.mock.mockito.ResetMocksTestExecutionListener, org.springframework.test.context.web.ServletTestExecutionListener, org.springframework.test.context.support.DirtiesContextBeforeModesTestExecutionListener, org.springframework.test.context.support.DependencyInjectionTestExecutionListener, org.springframework.test.context.support.DirtiesContextTestExecutionListener, org.springframework.test.context.transaction.TransactionalTestExecutionListener, org.springframework.test.context.jdbc.SqlScriptsTestExecutionListener]
16:36:32.060 [Test worker] INFO org.springframework.boot.test.context.SpringBootTestContextBootstrapper - Using TestExecutionListeners: [org.springframework.test.context.web.ServletTestExecutionListener@9a52f98, org.springframework.test.context.support.DirtiesContextBeforeModesTestExecutionListener@32a407ee, org.springframework.boot.test.mock.mockito.MockitoTestExecutionListener@73c0f96e, org.springframework.boot.test.autoconfigure.SpringBootDependencyInjectionTestExecutionListener@4300be69, org.springframework.test.context.support.DirtiesContextTestExecutionListener@63f9907e, org.springframework.test.context.transaction.TransactionalTestExecutionListener@71f06098, org.springframework.test.context.jdbc.SqlScriptsTestExecutionListener@58fec41, org.springframework.boot.test.autoconfigure.restdocs.RestDocsTestExecutionListener@43bae96f, org.springframework.boot.test.autoconfigure.web.client.MockRestServiceServerResetTestExecutionListener@6cefeb06, org.springframework.boot.test.autoconfigure.web.servlet.MockMvcPrintOnlyOnFailureTestExecutionListener@1ee9a2a3, org.springframework.boot.test.autoconfigure.web.servlet.WebDriverTestExecutionListener@647ea8db, org.springframework.boot.test.mock.mockito.ResetMocksTestExecutionListener@709bc4aa]
16:36:32.063 [Test worker] DEBUG org.springframework.test.annotation.ProfileValueUtils - Retrieved @ProfileValueSourceConfiguration [null] for test class [com.jito.springboot.start.domain.posts.PostsRepositoryTest]
16:36:32.064 [Test worker] DEBUG org.springframework.test.annotation.ProfileValueUtils - Retrieved ProfileValueSource type [class org.springframework.test.annotation.SystemProfileValueSource] for class [com.jito.springboot.start.domain.posts.PostsRepositoryTest]
]]></system-out>
  <system-err><![CDATA[]]></system-err>
</testsuite>
