<?xml version="1.0" encoding="UTF-8"?>
<testsuite name="com.jito.springboot.start.web.HelloControllerTest" tests="0" skipped="0" failures="0" errors="0" timestamp="1970-01-01T00:00:00" hostname="DESKTOP-2MJGJBU" time="0.0">
  <properties/>
  <system-out><![CDATA[16:36:32.092 [Test worker] DEBUG org.springframework.test.context.junit4.SpringJUnit4ClassRunner - SpringJUnit4ClassRunner constructor called with [class com.jito.springboot.start.web.HelloControllerTest]
16:36:32.092 [Test worker] DEBUG org.springframework.test.context.BootstrapUtils - Instantiating CacheAwareContextLoaderDelegate from class [org.springframework.test.context.cache.DefaultCacheAwareContextLoaderDelegate]
16:36:32.094 [Test worker] DEBUG org.springframework.test.context.BootstrapUtils - Instantiating BootstrapContext using constructor [public org.springframework.test.context.support.DefaultBootstrapContext(java.lang.Class,org.springframework.test.context.CacheAwareContextLoaderDelegate)]
16:36:32.097 [Test worker] DEBUG org.springframework.test.context.BootstrapUtils - Instantiating TestContextBootstrapper for test class [com.jito.springboot.start.web.HelloControllerTest] from class [org.springframework.boot.test.autoconfigure.web.servlet.WebMvcTestContextBootstrapper]
16:36:32.100 [Test worker] INFO org.springframework.boot.test.autoconfigure.web.servlet.WebMvcTestContextBootstrapper - Neither @ContextConfiguration nor @ContextHierarchy found for test class [com.jito.springboot.start.web.HelloControllerTest], using SpringBootContextLoader
16:36:32.101 [Test worker] DEBUG org.springframework.test.context.support.AbstractContextLoader - Did not detect default resource location for test class [com.jito.springboot.start.web.HelloControllerTest]: class path resource [com/jito/springboot/start/web/HelloControllerTest-context.xml] does not exist
16:36:32.102 [Test worker] DEBUG org.springframework.test.context.support.AbstractContextLoader - Did not detect default resource location for test class [com.jito.springboot.start.web.HelloControllerTest]: class path resource [com/jito/springboot/start/web/HelloControllerTestContext.groovy] does not exist
16:36:32.102 [Test worker] INFO org.springframework.test.context.support.AbstractContextLoader - Could not detect default resource locations for test class [com.jito.springboot.start.web.HelloControllerTest]: no resource found for suffixes {-context.xml, Context.groovy}.
16:36:32.102 [Test worker] INFO org.springframework.test.context.support.AnnotationConfigContextLoaderUtils - Could not detect default configuration classes for test class [com.jito.springboot.start.web.HelloControllerTest]: HelloControllerTest does not declare any static, non-private, non-final, nested classes annotated with @Configuration.
16:36:32.130 [Test worker] DEBUG org.springframework.test.context.support.ActiveProfilesUtils - Could not find an 'annotation declaring class' for annotation type [org.springframework.test.context.ActiveProfiles] and class [com.jito.springboot.start.web.HelloControllerTest]
16:36:32.156 [Test worker] DEBUG org.springframework.context.annotation.ClassPathScanningCandidateComponentProvider - Identified candidate component class: file [C:\Users\82103\IdeaProjects\springboot2-webservice\build\classes\java\main\com\jito\springboot\start\Application.class]
16:36:32.156 [Test worker] INFO org.springframework.boot.test.context.SpringBootTestContextBootstrapper - Found @SpringBootConfiguration com.jito.springboot.start.Application for test class com.jito.springboot.start.web.HelloControllerTest
16:36:32.156 [Test worker] DEBUG org.springframework.boot.test.autoconfigure.web.servlet.WebMvcTestContextBootstrapper - @TestExecutionListeners is not present for class [com.jito.springboot.start.web.HelloControllerTest]: using defaults.
16:36:32.156 [Test worker] INFO org.springframework.boot.test.autoconfigure.web.servlet.WebMvcTestContextBootstrapper - Loaded default TestExecutionListener class names from location [META-INF/spring.factories]: [org.springframework.boot.test.autoconfigure.restdocs.RestDocsTestExecutionListener, org.springframework.boot.test.autoconfigure.web.client.MockRestServiceServerResetTestExecutionListener, org.springframework.boot.test.autoconfigure.web.servlet.MockMvcPrintOnlyOnFailureTestExecutionListener, org.springframework.boot.test.autoconfigure.web.servlet.WebDriverTestExecutionListener, org.springframework.boot.test.mock.mockito.MockitoTestExecutionListener, org.springframework.boot.test.mock.mockito.ResetMocksTestExecutionListener, org.springframework.test.context.web.ServletTestExecutionListener, org.springframework.test.context.support.DirtiesContextBeforeModesTestExecutionListener, org.springframework.test.context.support.DependencyInjectionTestExecutionListener, org.springframework.test.context.support.DirtiesContextTestExecutionListener, org.springframework.test.context.transaction.TransactionalTestExecutionListener, org.springframework.test.context.jdbc.SqlScriptsTestExecutionListener]
16:36:32.157 [Test worker] INFO org.springframework.boot.test.autoconfigure.web.servlet.WebMvcTestContextBootstrapper - Using TestExecutionListeners: [org.springframework.test.context.web.ServletTestExecutionListener@3c5a0564, org.springframework.test.context.support.DirtiesContextBeforeModesTestExecutionListener@6e6918bc, org.springframework.boot.test.mock.mockito.MockitoTestExecutionListener@1ac7163, org.springframework.boot.test.autoconfigure.SpringBootDependencyInjectionTestExecutionListener@6f28e88c, org.springframework.test.context.support.DirtiesContextTestExecutionListener@335a128, org.springframework.test.context.transaction.TransactionalTestExecutionListener@253fe50a, org.springframework.test.context.jdbc.SqlScriptsTestExecutionListener@477aafa7, org.springframework.boot.test.autoconfigure.restdocs.RestDocsTestExecutionListener@6fbe434c, org.springframework.boot.test.autoconfigure.web.client.MockRestServiceServerResetTestExecutionListener@41ac8372, org.springframework.boot.test.autoconfigure.web.servlet.MockMvcPrintOnlyOnFailureTestExecutionListener@1b6139f8, org.springframework.boot.test.autoconfigure.web.servlet.WebDriverTestExecutionListener@9f4aaa4, org.springframework.boot.test.mock.mockito.ResetMocksTestExecutionListener@144d3cf5]
16:36:32.158 [Test worker] DEBUG org.springframework.test.annotation.ProfileValueUtils - Retrieved @ProfileValueSourceConfiguration [null] for test class [com.jito.springboot.start.web.HelloControllerTest]
16:36:32.159 [Test worker] DEBUG org.springframework.test.annotation.ProfileValueUtils - Retrieved ProfileValueSource type [class org.springframework.test.annotation.SystemProfileValueSource] for class [com.jito.springboot.start.web.HelloControllerTest]
]]></system-out>
  <system-err><![CDATA[]]></system-err>
</testsuite>
