<?xml version="1.0" encoding="UTF-8"?>
<testsuite name="com.jito.springboot.start.web.PostsApiControllerTest" tests="0" skipped="0" failures="0" errors="0" timestamp="1970-01-01T00:00:00" hostname="DESKTOP-2MJGJBU" time="0.0">
  <properties/>
  <system-out><![CDATA[2020-06-27 16:36:40.097  INFO 35368 --- [    Test worker] .b.t.c.SpringBootTestContextBootstrapper : Neither @ContextConfiguration nor @ContextHierarchy found for test class [com.jito.springboot.start.web.PostsApiControllerTest], using SpringBootContextLoader
2020-06-27 16:36:40.099  INFO 35368 --- [    Test worker] o.s.t.c.support.AbstractContextLoader    : Could not detect default resource locations for test class [com.jito.springboot.start.web.PostsApiControllerTest]: no resource found for suffixes {-context.xml, Context.groovy}.
2020-06-27 16:36:40.100  INFO 35368 --- [    Test worker] t.c.s.AnnotationConfigContextLoaderUtils : Could not detect default configuration classes for test class [com.jito.springboot.start.web.PostsApiControllerTest]: PostsApiControllerTest does not declare any static, non-private, non-final, nested classes annotated with @Configuration.
2020-06-27 16:36:40.105  INFO 35368 --- [    Test worker] .b.t.c.SpringBootTestContextBootstrapper : Found @SpringBootConfiguration com.jito.springboot.start.Application for test class com.jito.springboot.start.web.PostsApiControllerTest
2020-06-27 16:36:40.107  INFO 35368 --- [    Test worker] .b.t.c.SpringBootTestContextBootstrapper : Loaded default TestExecutionListener class names from location [META-INF/spring.factories]: [org.springframework.boot.test.autoconfigure.restdocs.RestDocsTestExecutionListener, org.springframework.boot.test.autoconfigure.web.client.MockRestServiceServerResetTestExecutionListener, org.springframework.boot.test.autoconfigure.web.servlet.MockMvcPrintOnlyOnFailureTestExecutionListener, org.springframework.boot.test.autoconfigure.web.servlet.WebDriverTestExecutionListener, org.springframework.boot.test.mock.mockito.MockitoTestExecutionListener, org.springframework.boot.test.mock.mockito.ResetMocksTestExecutionListener, org.springframework.test.context.web.ServletTestExecutionListener, org.springframework.test.context.support.DirtiesContextBeforeModesTestExecutionListener, org.springframework.test.context.support.DependencyInjectionTestExecutionListener, org.springframework.test.context.support.DirtiesContextTestExecutionListener, org.springframework.test.context.transaction.TransactionalTestExecutionListener, org.springframework.test.context.jdbc.SqlScriptsTestExecutionListener]
2020-06-27 16:36:40.107  INFO 35368 --- [    Test worker] .b.t.c.SpringBootTestContextBootstrapper : Using TestExecutionListeners: [org.springframework.test.context.web.ServletTestExecutionListener@582d0621, org.springframework.test.context.support.DirtiesContextBeforeModesTestExecutionListener@7b818604, org.springframework.boot.test.mock.mockito.MockitoTestExecutionListener@74a9010, org.springframework.boot.test.autoconfigure.SpringBootDependencyInjectionTestExecutionListener@62cfd991, org.springframework.test.context.support.DirtiesContextTestExecutionListener@5263c7e7, org.springframework.test.context.transaction.TransactionalTestExecutionListener@2525ca09, org.springframework.test.context.jdbc.SqlScriptsTestExecutionListener@76bc14ad, org.springframework.boot.test.autoconfigure.restdocs.RestDocsTestExecutionListener@6aa348ba, org.springframework.boot.test.autoconfigure.web.client.MockRestServiceServerResetTestExecutionListener@2633e6f6, org.springframework.boot.test.autoconfigure.web.servlet.MockMvcPrintOnlyOnFailureTestExecutionListener@2d4d05bb, org.springframework.boot.test.autoconfigure.web.servlet.WebDriverTestExecutionListener@3bc275c3, org.springframework.boot.test.mock.mockito.ResetMocksTestExecutionListener@4b540c99]
]]></system-out>
  <system-err><![CDATA[]]></system-err>
</testsuite>
